Determining if the C compiler works failed with the following output:
Change Dir: /home/quan/hexapod_service_ws/src/link_com/build/CMakeFiles/CMakeTmp

Run Build Command:"/usr/bin/make" "cmTC_c5002/fast"
make: *** 没有规则可以创建目标“cmTC_c5002/fast”。 停止。


Determining if the C compiler works failed with the following output:
Change Dir: /home/quan/hexapod_service_ws/src/link_com/build/CMakeFiles/CMakeTmp

Run Build Command:"/usr/bin/make" "cmTC_ddcba/fast"
make: *** 没有规则可以创建目标“cmTC_ddcba/fast”。 停止。


Determining if the pthread_create exist failed with the following output:
Change Dir: /home/quan/hexapod_service_ws/src/link_com/build/CMakeFiles/CMakeTmp

Run Build Command:"/usr/bin/make" "cmTC_16714/fast"
/usr/bin/make -f CMakeFiles/cmTC_16714.dir/build.make CMakeFiles/cmTC_16714.dir/build
make[1]: 正在进入目录 `/home/quan/hexapod_service_ws/src/link_com/build/CMakeFiles/CMakeTmp'
Building C object CMakeFiles/cmTC_16714.dir/CheckSymbolExists.c.o
/usr/bin/gcc-4.8    -o CMakeFiles/cmTC_16714.dir/CheckSymbolExists.c.o   -c /home/quan/hexapod_service_ws/src/link_com/build/CMakeFiles/CMakeTmp/CheckSymbolExists.c
Linking C executable cmTC_16714
/usr/local/bin/cmake -E cmake_link_script CMakeFiles/cmTC_16714.dir/link.txt --verbose=1
/usr/bin/gcc-4.8      -rdynamic CMakeFiles/cmTC_16714.dir/CheckSymbolExists.c.o  -o cmTC_16714 
CMakeFiles/cmTC_16714.dir/CheckSymbolExists.c.o：在函数‘main’中：
CheckSymbolExists.c:(.text+0x16)：对‘pthread_create’未定义的引用
collect2: error: ld returned 1 exit status
make[1]: *** [cmTC_16714] 错误 1
make[1]:正在离开目录 `/home/quan/hexapod_service_ws/src/link_com/build/CMakeFiles/CMakeTmp'
make: *** [cmTC_16714/fast] 错误 2

File /home/quan/hexapod_service_ws/src/link_com/build/CMakeFiles/CMakeTmp/CheckSymbolExists.c:
/* */
#include <pthread.h>

int main(int argc, char** argv)
{
  (void)argv;
#ifndef pthread_create
  return ((int*)(&pthread_create))[argc];
#else
  (void)argc;
  return 0;
#endif
}

Determining if the function pthread_create exists in the pthreads failed with the following output:
Change Dir: /home/quan/hexapod_service_ws/src/link_com/build/CMakeFiles/CMakeTmp

Run Build Command:"/usr/bin/make" "cmTC_5f156/fast"
/usr/bin/make -f CMakeFiles/cmTC_5f156.dir/build.make CMakeFiles/cmTC_5f156.dir/build
make[1]: 正在进入目录 `/home/quan/hexapod_service_ws/src/link_com/build/CMakeFiles/CMakeTmp'
Building C object CMakeFiles/cmTC_5f156.dir/CheckFunctionExists.c.o
/usr/bin/gcc-4.8   -DCHECK_FUNCTION_EXISTS=pthread_create   -o CMakeFiles/cmTC_5f156.dir/CheckFunctionExists.c.o   -c /usr/local/share/cmake-3.12/Modules/CheckFunctionExists.c
Linking C executable cmTC_5f156
/usr/local/bin/cmake -E cmake_link_script CMakeFiles/cmTC_5f156.dir/link.txt --verbose=1
/usr/bin/gcc-4.8  -DCHECK_FUNCTION_EXISTS=pthread_create    -rdynamic CMakeFiles/cmTC_5f156.dir/CheckFunctionExists.c.o  -o cmTC_5f156 -lpthreads 
/usr/bin/ld: 找不到 -lpthreads
collect2: error: ld returned 1 exit status
make[1]: *** [cmTC_5f156] 错误 1
make[1]:正在离开目录 `/home/quan/hexapod_service_ws/src/link_com/build/CMakeFiles/CMakeTmp'
make: *** [cmTC_5f156/fast] 错误 2


