Determining if the C compiler works failed with the following output:
Change Dir: /home/quan/hexapod_service_ws/src/hexapod_sm_pos/build/CMakeFiles/CMakeTmp

Run Build Command:"/usr/bin/make" "cmTC_e294c/fast"
/usr/bin/make -f CMakeFiles/cmTC_e294c.dir/build.make CMakeFiles/cmTC_e294c.dir/build
make[1]: 正在进入目录 `/home/quan/hexapod_service_ws/src/hexapod_sm_pos/build/CMakeFiles/CMakeTmp'
Building C object CMakeFiles/cmTC_e294c.dir/testCCompiler.c.o
/usr/bin/gcc-4.8    -o CMakeFiles/cmTC_e294c.dir/testCCompiler.c.o   -c /home/quan/hexapod_service_ws/src/hexapod_sm_pos/build/CMakeFiles/CMakeTmp/testCCompiler.c
Linking C executable cmTC_e294c
/usr/local/bin/cmake -E cmake_link_script CMakeFiles/cmTC_e294c.dir/link.txt --verbose=1
/usr/bin/gcc-4.8      -rdynamic CMakeFiles/cmTC_e294c.dir/testCCompiler.c.o  -o cmTC_e294c 
gcc-4.8: error: CMakeFiles/cmTC_e294c.dir/testCCompiler.c.o: 没有那个文件或目录
gcc-4.8: fatal error: no input files
compilation terminated.
make[1]: *** [cmTC_e294c] 错误 4
make[1]:正在离开目录 `/home/quan/hexapod_service_ws/src/hexapod_sm_pos/build/CMakeFiles/CMakeTmp'
make: *** [cmTC_e294c/fast] 错误 2


Determining if the pthread_create exist failed with the following output:
Change Dir: /home/quan/hexapod_service_ws/src/hexapod_sm_pos/build/CMakeFiles/CMakeTmp

Run Build Command:"/usr/bin/make" "cmTC_3fb08/fast"
/usr/bin/make -f CMakeFiles/cmTC_3fb08.dir/build.make CMakeFiles/cmTC_3fb08.dir/build
make[1]: 正在进入目录 `/home/quan/hexapod_service_ws/src/hexapod_sm_pos/build/CMakeFiles/CMakeTmp'
Building C object CMakeFiles/cmTC_3fb08.dir/CheckSymbolExists.c.o
/usr/bin/gcc-4.8    -o CMakeFiles/cmTC_3fb08.dir/CheckSymbolExists.c.o   -c /home/quan/hexapod_service_ws/src/hexapod_sm_pos/build/CMakeFiles/CMakeTmp/CheckSymbolExists.c
Linking C executable cmTC_3fb08
/usr/local/bin/cmake -E cmake_link_script CMakeFiles/cmTC_3fb08.dir/link.txt --verbose=1
/usr/bin/gcc-4.8      -rdynamic CMakeFiles/cmTC_3fb08.dir/CheckSymbolExists.c.o  -o cmTC_3fb08 
CMakeFiles/cmTC_3fb08.dir/CheckSymbolExists.c.o：在函数‘main’中：
CheckSymbolExists.c:(.text+0x16)：对‘pthread_create’未定义的引用
collect2: error: ld returned 1 exit status
make[1]: *** [cmTC_3fb08] 错误 1
make[1]:正在离开目录 `/home/quan/hexapod_service_ws/src/hexapod_sm_pos/build/CMakeFiles/CMakeTmp'
make: *** [cmTC_3fb08/fast] 错误 2

File /home/quan/hexapod_service_ws/src/hexapod_sm_pos/build/CMakeFiles/CMakeTmp/CheckSymbolExists.c:
/* */
#include <pthread.h>

int main(int argc, char** argv)
{
  (void)argv;
#ifndef pthread_create
  return ((int*)(&pthread_create))[argc];
#else
  (void)argc;
  return 0;
#endif
}

Determining if the function pthread_create exists in the pthreads failed with the following output:
Change Dir: /home/quan/hexapod_service_ws/src/hexapod_sm_pos/build/CMakeFiles/CMakeTmp

Run Build Command:"/usr/bin/make" "cmTC_e48d7/fast"
/usr/bin/make -f CMakeFiles/cmTC_e48d7.dir/build.make CMakeFiles/cmTC_e48d7.dir/build
make[1]: 正在进入目录 `/home/quan/hexapod_service_ws/src/hexapod_sm_pos/build/CMakeFiles/CMakeTmp'
Building C object CMakeFiles/cmTC_e48d7.dir/CheckFunctionExists.c.o
/usr/bin/gcc-4.8   -DCHECK_FUNCTION_EXISTS=pthread_create   -o CMakeFiles/cmTC_e48d7.dir/CheckFunctionExists.c.o   -c /usr/local/share/cmake-3.12/Modules/CheckFunctionExists.c
Linking C executable cmTC_e48d7
/usr/local/bin/cmake -E cmake_link_script CMakeFiles/cmTC_e48d7.dir/link.txt --verbose=1
/usr/bin/gcc-4.8  -DCHECK_FUNCTION_EXISTS=pthread_create    -rdynamic CMakeFiles/cmTC_e48d7.dir/CheckFunctionExists.c.o  -o cmTC_e48d7 -lpthreads 
/usr/bin/ld: 找不到 -lpthreads
collect2: error: ld returned 1 exit status
make[1]: *** [cmTC_e48d7] 错误 1
make[1]:正在离开目录 `/home/quan/hexapod_service_ws/src/hexapod_sm_pos/build/CMakeFiles/CMakeTmp'
make: *** [cmTC_e48d7/fast] 错误 2


