Determining if the pthread_create exist failed with the following output:
Change Dir: /home/quan/hexapod_service_ws/src/hexapodcontrol/build/CMakeFiles/CMakeTmp

Run Build Command:"/usr/bin/make" "cmTC_9884e/fast"
/usr/bin/make -f CMakeFiles/cmTC_9884e.dir/build.make CMakeFiles/cmTC_9884e.dir/build
make[1]: 正在进入目录 `/home/quan/hexapod_service_ws/src/hexapodcontrol/build/CMakeFiles/CMakeTmp'
Building C object CMakeFiles/cmTC_9884e.dir/CheckSymbolExists.c.o
/usr/bin/gcc-4.8    -o CMakeFiles/cmTC_9884e.dir/CheckSymbolExists.c.o   -c /home/quan/hexapod_service_ws/src/hexapodcontrol/build/CMakeFiles/CMakeTmp/CheckSymbolExists.c
Linking C executable cmTC_9884e
/usr/local/bin/cmake -E cmake_link_script CMakeFiles/cmTC_9884e.dir/link.txt --verbose=1
/usr/bin/gcc-4.8      -rdynamic CMakeFiles/cmTC_9884e.dir/CheckSymbolExists.c.o  -o cmTC_9884e 
CMakeFiles/cmTC_9884e.dir/CheckSymbolExists.c.o：在函数‘main’中：
CheckSymbolExists.c:(.text+0x16)：对‘pthread_create’未定义的引用
collect2: error: ld returned 1 exit status
make[1]: *** [cmTC_9884e] 错误 1
make[1]:正在离开目录 `/home/quan/hexapod_service_ws/src/hexapodcontrol/build/CMakeFiles/CMakeTmp'
make: *** [cmTC_9884e/fast] 错误 2

File /home/quan/hexapod_service_ws/src/hexapodcontrol/build/CMakeFiles/CMakeTmp/CheckSymbolExists.c:
/* */
#include <pthread.h>

int main(int argc, char** argv)
{
  (void)argv;
#ifndef pthread_create
  return ((int*)(&pthread_create))[argc];
#else
  (void)argc;
  return 0;
#endif
}

Determining if the function pthread_create exists in the pthreads failed with the following output:
Change Dir: /home/quan/hexapod_service_ws/src/hexapodcontrol/build/CMakeFiles/CMakeTmp

Run Build Command:"/usr/bin/make" "cmTC_4c494/fast"
/usr/bin/make -f CMakeFiles/cmTC_4c494.dir/build.make CMakeFiles/cmTC_4c494.dir/build
make[1]: 正在进入目录 `/home/quan/hexapod_service_ws/src/hexapodcontrol/build/CMakeFiles/CMakeTmp'
Building C object CMakeFiles/cmTC_4c494.dir/CheckFunctionExists.c.o
/usr/bin/gcc-4.8   -DCHECK_FUNCTION_EXISTS=pthread_create   -o CMakeFiles/cmTC_4c494.dir/CheckFunctionExists.c.o   -c /usr/local/share/cmake-3.12/Modules/CheckFunctionExists.c
Linking C executable cmTC_4c494
/usr/local/bin/cmake -E cmake_link_script CMakeFiles/cmTC_4c494.dir/link.txt --verbose=1
/usr/bin/gcc-4.8  -DCHECK_FUNCTION_EXISTS=pthread_create    -rdynamic CMakeFiles/cmTC_4c494.dir/CheckFunctionExists.c.o  -o cmTC_4c494 -lpthreads 
/usr/bin/ld: 找不到 -lpthreads
collect2: error: ld returned 1 exit status
make[1]: *** [cmTC_4c494] 错误 1
make[1]:正在离开目录 `/home/quan/hexapod_service_ws/src/hexapodcontrol/build/CMakeFiles/CMakeTmp'
make: *** [cmTC_4c494/fast] 错误 2


